-------------------------------------------------------------------------------
Test set: com.project.CompareObjectTest
-------------------------------------------------------------------------------
Tests run: 1, Failures: 0, Errors: 1, Skipped: 0, Time elapsed: 0.089 s <<< FAILURE! - in com.project.CompareObjectTest
testCompare(com.project.CompareObjectTest)  Time elapsed: 0.089 s  <<< ERROR!
java.lang.ArrayIndexOutOfBoundsException: 0
	at com.project.CompareObjectTest.compareO1ToO2(CompareObjectTest.java:26)
	at com.project.CompareObjectTest.compareO1ToO2(CompareObjectTest.java:36)
	at com.project.CompareObjectTest.compareO1ToO2(CompareObjectTest.java:36)
	at com.project.CompareObjectTest.compareO1ToO2(CompareObjectTest.java:36)
	at com.project.CompareObjectTest.testCompare(CompareObjectTest.java:16)

